Flow report for DE2_70_D5M
Tue Jan 15 11:04:32 2019
Quartus II 64-Bit Version 13.0.1 Build 232 06/12/2013 Service Pack 1 SJ Web Edition


---------------------
; Table of Contents ;
---------------------
  1. Legal Notice
  2. Flow Summary
  3. Flow Settings
  4. Flow Non-Default Global Settings
  5. Flow Elapsed Time
  6. Flow OS Summary
  7. Flow Log
  8. Flow Messages
  9. Flow Suppressed Messages



----------------
; Legal Notice ;
----------------
Copyright (C) 1991-2013 Altera Corporation
Your use of Altera Corporation's design tools, logic functions 
and other software and tools, and its AMPP partner logic 
functions, and any output files from any of the foregoing 
(including device programming or simulation files), and any 
associated documentation or information are expressly subject 
to the terms and conditions of the Altera Program License 
Subscription Agreement, Altera MegaCore Function License 
Agreement, or other applicable license agreement, including, 
without limitation, that your use is for the sole purpose of 
programming logic devices manufactured by Altera and sold by 
Altera or its authorized distributors.  Please refer to the 
applicable agreement for further details.



+--------------------------------------------------------------------------------------+
; Flow Summary                                                                         ;
+------------------------------------+-------------------------------------------------+
; Flow Status                        ; Successful - Tue Jan 15 11:04:30 2019           ;
; Quartus II 64-Bit Version          ; 13.0.1 Build 232 06/12/2013 SP 1 SJ Web Edition ;
; Revision Name                      ; DE2_70_D5M                                      ;
; Top-level Entity Name              ; DE2_70_D5M                                      ;
; Family                             ; Cyclone II                                      ;
; Device                             ; EP2C70F896C6                                    ;
; Timing Models                      ; Final                                           ;
; Total logic elements               ; 5,872 / 68,416 ( 9 % )                          ;
;     Total combinational functions  ; 5,220 / 68,416 ( 8 % )                          ;
;     Dedicated logic registers      ; 3,854 / 68,416 ( 6 % )                          ;
; Total registers                    ; 3922                                            ;
; Total pins                         ; 165 / 622 ( 27 % )                              ;
; Total virtual pins                 ; 0                                               ;
; Total memory bits                  ; 97,328 / 1,152,000 ( 8 % )                      ;
; Embedded Multiplier 9-bit elements ; 4 / 300 ( 1 % )                                 ;
; Total PLLs                         ; 1 / 4 ( 25 % )                                  ;
+------------------------------------+-------------------------------------------------+


+-----------------------------------------+
; Flow Settings                           ;
+-------------------+---------------------+
; Option            ; Setting             ;
+-------------------+---------------------+
; Start date & time ; 01/15/2019 11:03:25 ;
; Main task         ; Compilation         ;
; Revision Name     ; DE2_70_D5M          ;
+-------------------+---------------------+


+---------------------------------------------------------------------------------------------------------------------------------------------------------------+
; Flow Non-Default Global Settings                                                                                                                              ;
+-------------------------------------+----------------------------------------------------------+---------------+---------------------------------+------------+
; Assignment Name                     ; Value                                                    ; Default Value ; Entity Name                     ; Section Id ;
+-------------------------------------+----------------------------------------------------------+---------------+---------------------------------+------------+
; COMPILER_SIGNATURE_ID               ; 1098171111675.154756100502144                            ; --            ; --                              ; --         ;
; IP_TOOL_ENV                         ; Qsys                                                     ; --            ; altera_avalon_sc_fifo           ; --         ;
; IP_TOOL_ENV                         ; Qsys                                                     ; --            ; altera_merlin_burst_adapter     ; --         ;
; IP_TOOL_ENV                         ; Qsys                                                     ; --            ; altera_merlin_master_agent      ; --         ;
; IP_TOOL_ENV                         ; Qsys                                                     ; --            ; altera_merlin_master_translator ; --         ;
; IP_TOOL_ENV                         ; Qsys                                                     ; --            ; altera_merlin_slave_agent       ; --         ;
; IP_TOOL_ENV                         ; Qsys                                                     ; --            ; altera_merlin_slave_translator  ; --         ;
; IP_TOOL_ENV                         ; Qsys                                                     ; --            ; altera_merlin_traffic_limiter   ; --         ;
; IP_TOOL_ENV                         ; Qsys                                                     ; --            ; altera_merlin_width_adapter     ; --         ;
; IP_TOOL_ENV                         ; Qsys                                                     ; --            ; altera_reset_controller         ; --         ;
; IP_TOOL_ENV                         ; Qsys                                                     ; --            ; de2_70                          ; --         ;
; IP_TOOL_ENV                         ; Qsys                                                     ; --            ; de2_70_addr_router              ; --         ;
; IP_TOOL_ENV                         ; Qsys                                                     ; --            ; de2_70_addr_router_001          ; --         ;
; IP_TOOL_ENV                         ; Qsys                                                     ; --            ; de2_70_addr_router_002          ; --         ;
; IP_TOOL_ENV                         ; Qsys                                                     ; --            ; de2_70_cmd_xbar_demux           ; --         ;
; IP_TOOL_ENV                         ; Qsys                                                     ; --            ; de2_70_cmd_xbar_demux_001       ; --         ;
; IP_TOOL_ENV                         ; Qsys                                                     ; --            ; de2_70_cmd_xbar_demux_002       ; --         ;
; IP_TOOL_ENV                         ; Qsys                                                     ; --            ; de2_70_cmd_xbar_demux_003       ; --         ;
; IP_TOOL_ENV                         ; Qsys                                                     ; --            ; de2_70_cmd_xbar_mux             ; --         ;
; IP_TOOL_ENV                         ; Qsys                                                     ; --            ; de2_70_cmd_xbar_mux_001         ; --         ;
; IP_TOOL_ENV                         ; Qsys                                                     ; --            ; de2_70_cmd_xbar_mux_003         ; --         ;
; IP_TOOL_ENV                         ; Qsys                                                     ; --            ; de2_70_id_router                ; --         ;
; IP_TOOL_ENV                         ; Qsys                                                     ; --            ; de2_70_id_router_001            ; --         ;
; IP_TOOL_ENV                         ; Qsys                                                     ; --            ; de2_70_id_router_002            ; --         ;
; IP_TOOL_ENV                         ; Qsys                                                     ; --            ; de2_70_id_router_003            ; --         ;
; IP_TOOL_ENV                         ; Qsys                                                     ; --            ; de2_70_irq_mapper               ; --         ;
; IP_TOOL_ENV                         ; Qsys                                                     ; --            ; de2_70_jtag_uart                ; --         ;
; IP_TOOL_ENV                         ; Qsys                                                     ; --            ; de2_70_nios2_processor          ; --         ;
; IP_TOOL_ENV                         ; Qsys                                                     ; --            ; de2_70_rsp_xbar_demux           ; --         ;
; IP_TOOL_ENV                         ; Qsys                                                     ; --            ; de2_70_rsp_xbar_demux_001       ; --         ;
; IP_TOOL_ENV                         ; Qsys                                                     ; --            ; de2_70_rsp_xbar_demux_002       ; --         ;
; IP_TOOL_ENV                         ; Qsys                                                     ; --            ; de2_70_rsp_xbar_demux_003       ; --         ;
; IP_TOOL_ENV                         ; Qsys                                                     ; --            ; de2_70_rsp_xbar_mux             ; --         ;
; IP_TOOL_ENV                         ; Qsys                                                     ; --            ; de2_70_rsp_xbar_mux_001         ; --         ;
; IP_TOOL_ENV                         ; Qsys                                                     ; --            ; de2_70_rsp_xbar_mux_002         ; --         ;
; IP_TOOL_ENV                         ; Qsys                                                     ; --            ; de2_70_sdram                    ; --         ;
; IP_TOOL_ENV                         ; Qsys                                                     ; --            ; de2_70_sysid_qsys               ; --         ;
; IP_TOOL_ENV                         ; Qsys                                                     ; --            ; de2_70_timer                    ; --         ;
; IP_TOOL_NAME                        ; altera_avalon_sc_fifo                                    ; --            ; altera_avalon_sc_fifo           ; --         ;
; IP_TOOL_NAME                        ; altera_merlin_burst_adapter                              ; --            ; altera_merlin_burst_adapter     ; --         ;
; IP_TOOL_NAME                        ; altera_merlin_master_agent                               ; --            ; altera_merlin_master_agent      ; --         ;
; IP_TOOL_NAME                        ; altera_merlin_master_translator                          ; --            ; altera_merlin_master_translator ; --         ;
; IP_TOOL_NAME                        ; altera_merlin_slave_agent                                ; --            ; altera_merlin_slave_agent       ; --         ;
; IP_TOOL_NAME                        ; altera_merlin_slave_translator                           ; --            ; altera_merlin_slave_translator  ; --         ;
; IP_TOOL_NAME                        ; altera_merlin_traffic_limiter                            ; --            ; altera_merlin_traffic_limiter   ; --         ;
; IP_TOOL_NAME                        ; altera_merlin_width_adapter                              ; --            ; altera_merlin_width_adapter     ; --         ;
; IP_TOOL_NAME                        ; altera_reset_controller                                  ; --            ; altera_reset_controller         ; --         ;
; IP_TOOL_NAME                        ; Qsys                                                     ; --            ; de2_70                          ; --         ;
; IP_TOOL_NAME                        ; altera_merlin_router                                     ; --            ; de2_70_addr_router              ; --         ;
; IP_TOOL_NAME                        ; altera_merlin_router                                     ; --            ; de2_70_addr_router_001          ; --         ;
; IP_TOOL_NAME                        ; altera_merlin_router                                     ; --            ; de2_70_addr_router_002          ; --         ;
; IP_TOOL_NAME                        ; altera_merlin_demultiplexer                              ; --            ; de2_70_cmd_xbar_demux           ; --         ;
; IP_TOOL_NAME                        ; altera_merlin_demultiplexer                              ; --            ; de2_70_cmd_xbar_demux_001       ; --         ;
; IP_TOOL_NAME                        ; altera_merlin_demultiplexer                              ; --            ; de2_70_cmd_xbar_demux_002       ; --         ;
; IP_TOOL_NAME                        ; altera_merlin_demultiplexer                              ; --            ; de2_70_cmd_xbar_demux_003       ; --         ;
; IP_TOOL_NAME                        ; altera_merlin_multiplexer                                ; --            ; de2_70_cmd_xbar_mux             ; --         ;
; IP_TOOL_NAME                        ; altera_merlin_multiplexer                                ; --            ; de2_70_cmd_xbar_mux_001         ; --         ;
; IP_TOOL_NAME                        ; altera_merlin_multiplexer                                ; --            ; de2_70_cmd_xbar_mux_003         ; --         ;
; IP_TOOL_NAME                        ; altera_merlin_router                                     ; --            ; de2_70_id_router                ; --         ;
; IP_TOOL_NAME                        ; altera_merlin_router                                     ; --            ; de2_70_id_router_001            ; --         ;
; IP_TOOL_NAME                        ; altera_merlin_router                                     ; --            ; de2_70_id_router_002            ; --         ;
; IP_TOOL_NAME                        ; altera_merlin_router                                     ; --            ; de2_70_id_router_003            ; --         ;
; IP_TOOL_NAME                        ; altera_irq_mapper                                        ; --            ; de2_70_irq_mapper               ; --         ;
; IP_TOOL_NAME                        ; altera_avalon_jtag_uart                                  ; --            ; de2_70_jtag_uart                ; --         ;
; IP_TOOL_NAME                        ; altera_nios2_qsys                                        ; --            ; de2_70_nios2_processor          ; --         ;
; IP_TOOL_NAME                        ; altera_merlin_demultiplexer                              ; --            ; de2_70_rsp_xbar_demux           ; --         ;
; IP_TOOL_NAME                        ; altera_merlin_demultiplexer                              ; --            ; de2_70_rsp_xbar_demux_001       ; --         ;
; IP_TOOL_NAME                        ; altera_merlin_demultiplexer                              ; --            ; de2_70_rsp_xbar_demux_002       ; --         ;
; IP_TOOL_NAME                        ; altera_merlin_demultiplexer                              ; --            ; de2_70_rsp_xbar_demux_003       ; --         ;
; IP_TOOL_NAME                        ; altera_merlin_multiplexer                                ; --            ; de2_70_rsp_xbar_mux             ; --         ;
; IP_TOOL_NAME                        ; altera_merlin_multiplexer                                ; --            ; de2_70_rsp_xbar_mux_001         ; --         ;
; IP_TOOL_NAME                        ; altera_merlin_multiplexer                                ; --            ; de2_70_rsp_xbar_mux_002         ; --         ;
; IP_TOOL_NAME                        ; altera_avalon_new_sdram_controller                       ; --            ; de2_70_sdram                    ; --         ;
; IP_TOOL_NAME                        ; altera_avalon_sysid_qsys                                 ; --            ; de2_70_sysid_qsys               ; --         ;
; IP_TOOL_NAME                        ; altera_avalon_timer                                      ; --            ; de2_70_timer                    ; --         ;
; IP_TOOL_VERSION                     ; 13.0                                                     ; --            ; altera_avalon_sc_fifo           ; --         ;
; IP_TOOL_VERSION                     ; 13.0                                                     ; --            ; altera_merlin_burst_adapter     ; --         ;
; IP_TOOL_VERSION                     ; 13.0                                                     ; --            ; altera_merlin_master_agent      ; --         ;
; IP_TOOL_VERSION                     ; 13.0                                                     ; --            ; altera_merlin_master_translator ; --         ;
; IP_TOOL_VERSION                     ; 13.0                                                     ; --            ; altera_merlin_slave_agent       ; --         ;
; IP_TOOL_VERSION                     ; 13.0                                                     ; --            ; altera_merlin_slave_translator  ; --         ;
; IP_TOOL_VERSION                     ; 13.0                                                     ; --            ; altera_merlin_traffic_limiter   ; --         ;
; IP_TOOL_VERSION                     ; 13.0                                                     ; --            ; altera_merlin_width_adapter     ; --         ;
; IP_TOOL_VERSION                     ; 13.0                                                     ; --            ; altera_reset_controller         ; --         ;
; IP_TOOL_VERSION                     ; 13.0sp1                                                  ; --            ; de2_70                          ; --         ;
; IP_TOOL_VERSION                     ; 13.0                                                     ; --            ; de2_70_addr_router              ; --         ;
; IP_TOOL_VERSION                     ; 13.0                                                     ; --            ; de2_70_addr_router_001          ; --         ;
; IP_TOOL_VERSION                     ; 13.0                                                     ; --            ; de2_70_addr_router_002          ; --         ;
; IP_TOOL_VERSION                     ; 13.0                                                     ; --            ; de2_70_cmd_xbar_demux           ; --         ;
; IP_TOOL_VERSION                     ; 13.0                                                     ; --            ; de2_70_cmd_xbar_demux_001       ; --         ;
; IP_TOOL_VERSION                     ; 13.0                                                     ; --            ; de2_70_cmd_xbar_demux_002       ; --         ;
; IP_TOOL_VERSION                     ; 13.0                                                     ; --            ; de2_70_cmd_xbar_demux_003       ; --         ;
; IP_TOOL_VERSION                     ; 13.0                                                     ; --            ; de2_70_cmd_xbar_mux             ; --         ;
; IP_TOOL_VERSION                     ; 13.0                                                     ; --            ; de2_70_cmd_xbar_mux_001         ; --         ;
; IP_TOOL_VERSION                     ; 13.0                                                     ; --            ; de2_70_cmd_xbar_mux_003         ; --         ;
; IP_TOOL_VERSION                     ; 13.0                                                     ; --            ; de2_70_id_router                ; --         ;
; IP_TOOL_VERSION                     ; 13.0                                                     ; --            ; de2_70_id_router_001            ; --         ;
; IP_TOOL_VERSION                     ; 13.0                                                     ; --            ; de2_70_id_router_002            ; --         ;
; IP_TOOL_VERSION                     ; 13.0                                                     ; --            ; de2_70_id_router_003            ; --         ;
; IP_TOOL_VERSION                     ; 13.0                                                     ; --            ; de2_70_irq_mapper               ; --         ;
; IP_TOOL_VERSION                     ; 13.0.1.99.2                                              ; --            ; de2_70_jtag_uart                ; --         ;
; IP_TOOL_VERSION                     ; 13.0                                                     ; --            ; de2_70_nios2_processor          ; --         ;
; IP_TOOL_VERSION                     ; 13.0                                                     ; --            ; de2_70_rsp_xbar_demux           ; --         ;
; IP_TOOL_VERSION                     ; 13.0                                                     ; --            ; de2_70_rsp_xbar_demux_001       ; --         ;
; IP_TOOL_VERSION                     ; 13.0                                                     ; --            ; de2_70_rsp_xbar_demux_002       ; --         ;
; IP_TOOL_VERSION                     ; 13.0                                                     ; --            ; de2_70_rsp_xbar_demux_003       ; --         ;
; IP_TOOL_VERSION                     ; 13.0                                                     ; --            ; de2_70_rsp_xbar_mux             ; --         ;
; IP_TOOL_VERSION                     ; 13.0                                                     ; --            ; de2_70_rsp_xbar_mux_001         ; --         ;
; IP_TOOL_VERSION                     ; 13.0                                                     ; --            ; de2_70_rsp_xbar_mux_002         ; --         ;
; IP_TOOL_VERSION                     ; 13.0.1.99.2                                              ; --            ; de2_70_sdram                    ; --         ;
; IP_TOOL_VERSION                     ; 13.0                                                     ; --            ; de2_70_sysid_qsys               ; --         ;
; IP_TOOL_VERSION                     ; 13.0.1.99.2                                              ; --            ; de2_70_timer                    ; --         ;
; MAX_CORE_JUNCTION_TEMP              ; 85                                                       ; --            ; --                              ; --         ;
; MIN_CORE_JUNCTION_TEMP              ; 0                                                        ; --            ; --                              ; --         ;
; MISC_FILE                           ; QSYS/de2_70/synthesis/../../de2_70.cmp                   ; --            ; --                              ; --         ;
; MISC_FILE                           ; QSYS/de2_70/synthesis/../../de2_70.qsys                  ; --            ; --                              ; --         ;
; PARTITION_COLOR                     ; 16764057                                                 ; --            ; --                              ; Top        ;
; PARTITION_FITTER_PRESERVATION_LEVEL ; PLACEMENT_AND_ROUTING                                    ; --            ; --                              ; Top        ;
; PARTITION_NETLIST_TYPE              ; SOURCE                                                   ; --            ; --                              ; Top        ;
; POWER_BOARD_THERMAL_MODEL           ; None (CONSERVATIVE)                                      ; --            ; --                              ; --         ;
; POWER_PRESET_COOLING_SOLUTION       ; 23 MM HEAT SINK WITH 200 LFPM AIRFLOW                    ; --            ; --                              ; --         ;
; PROJECT_OUTPUT_DIRECTORY            ; output_files                                             ; --            ; --                              ; --         ;
; SLD_INFO                            ; QSYS_NAME de2_70 HAS_SOPCINFO 1 GENERATION_ID 1547560866 ; --            ; de2_70                          ; --         ;
; SOPCINFO_FILE                       ; QSYS/de2_70/synthesis/../../de2_70.sopcinfo              ; --            ; --                              ; --         ;
; SYNTHESIS_ONLY_QIP                  ; On                                                       ; --            ; --                              ; --         ;
+-------------------------------------+----------------------------------------------------------+---------------+---------------------------------+------------+


+-------------------------------------------------------------------------------------------------------------------------------+
; Flow Elapsed Time                                                                                                             ;
+---------------------------+--------------+-------------------------+---------------------+------------------------------------+
; Module Name               ; Elapsed Time ; Average Processors Used ; Peak Virtual Memory ; Total CPU Time (on all processors) ;
+---------------------------+--------------+-------------------------+---------------------+------------------------------------+
; Analysis & Synthesis      ; 00:00:32     ; 1.0                     ; 692 MB              ; 00:00:31                           ;
; Fitter                    ; 00:00:24     ; 1.5                     ; 1170 MB             ; 00:00:31                           ;
; Assembler                 ; 00:00:04     ; 1.0                     ; 469 MB              ; 00:00:04                           ;
; TimeQuest Timing Analyzer ; 00:00:01     ; 1.0                     ; 529 MB              ; 00:00:02                           ;
; Total                     ; 00:01:01     ; --                      ; --                  ; 00:01:08                           ;
+---------------------------+--------------+-------------------------+---------------------+------------------------------------+


+----------------------------------------------------------------------------------------+
; Flow OS Summary                                                                        ;
+---------------------------+------------------+-----------+------------+----------------+
; Module Name               ; Machine Hostname ; OS Name   ; OS Version ; Processor type ;
+---------------------------+------------------+-----------+------------+----------------+
; Analysis & Synthesis      ; LAAI-PC          ; Windows 7 ; 6.1        ; x86_64         ;
; Fitter                    ; LAAI-PC          ; Windows 7 ; 6.1        ; x86_64         ;
; Assembler                 ; LAAI-PC          ; Windows 7 ; 6.1        ; x86_64         ;
; TimeQuest Timing Analyzer ; LAAI-PC          ; Windows 7 ; 6.1        ; x86_64         ;
+---------------------------+------------------+-----------+------------+----------------+


------------
; Flow Log ;
------------
quartus_map --read_settings_files=on --write_settings_files=off DE2_70_D5M -c DE2_70_D5M
quartus_fit --read_settings_files=off --write_settings_files=off DE2_70_D5M -c DE2_70_D5M
quartus_asm --read_settings_files=off --write_settings_files=off DE2_70_D5M -c DE2_70_D5M
quartus_sta DE2_70_D5M -c DE2_70_D5M



